running egg_info
writing ../../build/turtlesim_follower/turtlesim_follower.egg-info/PKG-INFO
writing dependency_links to ../../build/turtlesim_follower/turtlesim_follower.egg-info/dependency_links.txt
writing entry points to ../../build/turtlesim_follower/turtlesim_follower.egg-info/entry_points.txt
writing requirements to ../../build/turtlesim_follower/turtlesim_follower.egg-info/requires.txt
writing top-level names to ../../build/turtlesim_follower/turtlesim_follower.egg-info/top_level.txt
reading manifest file '../../build/turtlesim_follower/turtlesim_follower.egg-info/SOURCES.txt'
writing manifest file '../../build/turtlesim_follower/turtlesim_follower.egg-info/SOURCES.txt'
running build
running build_py
running install
running install_lib
running install_data
copying launch/turtles_follow_launch.py -> /home/insa/mcar/ros2_ws/Turtle_Youri/install/turtlesim_follower/share/turtlesim_follower/launch
running install_egg_info
removing '/home/insa/mcar/ros2_ws/Turtle_Youri/install/turtlesim_follower/lib/python3.10/site-packages/turtlesim_follower-0.0.0-py3.10.egg-info' (and everything under it)
Copying ../../build/turtlesim_follower/turtlesim_follower.egg-info to /home/insa/mcar/ros2_ws/Turtle_Youri/install/turtlesim_follower/lib/python3.10/site-packages/turtlesim_follower-0.0.0-py3.10.egg-info
running install_scripts
Installing master script to /home/insa/mcar/ros2_ws/Turtle_Youri/install/turtlesim_follower/lib/turtlesim_follower
Installing slave script to /home/insa/mcar/ros2_ws/Turtle_Youri/install/turtlesim_follower/lib/turtlesim_follower
writing list of installed files to '/home/insa/mcar/ros2_ws/Turtle_Youri/build/turtlesim_follower/install.log'
