[1.661s] Invoking command in '/home/insa/mcar/ros2_ws/Turtle_Youri/src/turtlesim_follower': PYTHONPATH=/home/insa/mcar/ros2_ws/Turtle_Youri/build/turtlesim_follower/prefix_override:/home/insa/mcar/ros2_ws/Turtle_Youri/install/turtlesim_follower/lib/python3.10/site-packages:${PYTHONPATH} /usr/bin/python3 setup.py egg_info --egg-base ../../build/turtlesim_follower build --build-base /home/insa/mcar/ros2_ws/Turtle_Youri/build/turtlesim_follower/build install --record /home/insa/mcar/ros2_ws/Turtle_Youri/build/turtlesim_follower/install.log --single-version-externally-managed
[2.082s] running egg_info
[2.082s] writing ../../build/turtlesim_follower/turtlesim_follower.egg-info/PKG-INFO
[2.088s] writing dependency_links to ../../build/turtlesim_follower/turtlesim_follower.egg-info/dependency_links.txt
[2.089s] writing entry points to ../../build/turtlesim_follower/turtlesim_follower.egg-info/entry_points.txt
[2.089s] writing requirements to ../../build/turtlesim_follower/turtlesim_follower.egg-info/requires.txt
[2.089s] writing top-level names to ../../build/turtlesim_follower/turtlesim_follower.egg-info/top_level.txt
[2.090s] reading manifest file '../../build/turtlesim_follower/turtlesim_follower.egg-info/SOURCES.txt'
[2.092s] writing manifest file '../../build/turtlesim_follower/turtlesim_follower.egg-info/SOURCES.txt'
[2.093s] running build
[2.093s] running build_py
[2.096s] running install
[2.099s] /usr/lib/python3/dist-packages/setuptools/command/install.py:34: SetuptoolsDeprecationWarning: setup.py install is deprecated. Use build and pip and other standards-based tools.
[2.099s]   warnings.warn(
[2.099s] running install_lib
[2.102s] running install_data
[2.104s] copying launch/turtles_follow_launch.py -> /home/insa/mcar/ros2_ws/Turtle_Youri/install/turtlesim_follower/share/turtlesim_follower/launch
[2.105s] running install_egg_info
[2.108s] removing '/home/insa/mcar/ros2_ws/Turtle_Youri/install/turtlesim_follower/lib/python3.10/site-packages/turtlesim_follower-0.0.0-py3.10.egg-info' (and everything under it)
[2.110s] Copying ../../build/turtlesim_follower/turtlesim_follower.egg-info to /home/insa/mcar/ros2_ws/Turtle_Youri/install/turtlesim_follower/lib/python3.10/site-packages/turtlesim_follower-0.0.0-py3.10.egg-info
[2.112s] running install_scripts
[2.148s] Installing master script to /home/insa/mcar/ros2_ws/Turtle_Youri/install/turtlesim_follower/lib/turtlesim_follower
[2.150s] Installing slave script to /home/insa/mcar/ros2_ws/Turtle_Youri/install/turtlesim_follower/lib/turtlesim_follower
[2.150s] writing list of installed files to '/home/insa/mcar/ros2_ws/Turtle_Youri/build/turtlesim_follower/install.log'
[2.184s] Invoked command in '/home/insa/mcar/ros2_ws/Turtle_Youri/src/turtlesim_follower' returned '0': PYTHONPATH=/home/insa/mcar/ros2_ws/Turtle_Youri/build/turtlesim_follower/prefix_override:/home/insa/mcar/ros2_ws/Turtle_Youri/install/turtlesim_follower/lib/python3.10/site-packages:${PYTHONPATH} /usr/bin/python3 setup.py egg_info --egg-base ../../build/turtlesim_follower build --build-base /home/insa/mcar/ros2_ws/Turtle_Youri/build/turtlesim_follower/build install --record /home/insa/mcar/ros2_ws/Turtle_Youri/build/turtlesim_follower/install.log --single-version-externally-managed
