[2.792s] DEBUG:colcon:Command line arguments: ['/usr/bin/colcon', 'build']
[2.792s] DEBUG:colcon:Parsed command line arguments: Namespace(log_base=None, log_level=None, verb_name='build', build_base='build', install_base='install', merge_install=False, symlink_install=False, test_result_base=None, continue_on_error=False, executor='parallel', parallel_workers=1, event_handlers=None, ignore_user_meta=False, metas=['./colcon.meta'], base_paths=['.'], packages_ignore=None, packages_ignore_regex=None, paths=None, packages_up_to=None, packages_up_to_regex=None, packages_above=None, packages_above_and_dependencies=None, packages_above_depth=None, packages_select_by_dep=None, packages_skip_by_dep=None, packages_skip_up_to=None, packages_select_build_failed=False, packages_skip_build_finished=False, packages_select_test_failures=False, packages_skip_test_passed=False, packages_select=None, packages_skip=None, packages_select_regex=None, packages_skip_regex=None, packages_start=None, packages_end=None, allow_overriding=[], cmake_args=None, cmake_target=None, cmake_target_skip_unavailable=False, cmake_clean_cache=False, cmake_clean_first=False, cmake_force_configure=False, ament_cmake_args=None, catkin_cmake_args=None, catkin_skip_building_tests=False, verb_parser=<colcon_defaults.argument_parser.defaults.DefaultArgumentsDecorator object at 0x775d4f1869e0>, verb_extension=<colcon_core.verb.build.BuildVerb object at 0x775d4f187c40>, main=<bound method BuildVerb.main of <colcon_core.verb.build.BuildVerb object at 0x775d4f187c40>>)
[2.937s] Level 1:colcon.colcon_core.package_discovery:discover_packages(colcon_meta) check parameters
[2.937s] Level 1:colcon.colcon_core.package_discovery:discover_packages(recursive) check parameters
[2.938s] Level 1:colcon.colcon_core.package_discovery:discover_packages(ignore) check parameters
[2.938s] Level 1:colcon.colcon_core.package_discovery:discover_packages(path) check parameters
[2.938s] Level 1:colcon.colcon_core.package_discovery:discover_packages(colcon_meta) discover
[2.938s] Level 1:colcon.colcon_core.package_discovery:discover_packages(recursive) discover
[2.938s] INFO:colcon.colcon_core.package_discovery:Crawling recursively for packages in '/home/insa/mcar/ros2_ws/Turtle_Youri'
[2.938s] Level 1:colcon.colcon_core.package_identification:_identify(.) by extensions ['ignore', 'ignore_ament_install']
[2.938s] Level 1:colcon.colcon_core.package_identification:_identify(.) by extension 'ignore'
[2.938s] Level 1:colcon.colcon_core.package_identification:_identify(.) by extension 'ignore_ament_install'
[2.938s] Level 1:colcon.colcon_core.package_identification:_identify(.) by extensions ['colcon_pkg']
[2.938s] Level 1:colcon.colcon_core.package_identification:_identify(.) by extension 'colcon_pkg'
[2.938s] Level 1:colcon.colcon_core.package_identification:_identify(.) by extensions ['colcon_meta']
[2.938s] Level 1:colcon.colcon_core.package_identification:_identify(.) by extension 'colcon_meta'
[2.938s] Level 1:colcon.colcon_core.package_identification:_identify(.) by extensions ['ros']
[2.938s] Level 1:colcon.colcon_core.package_identification:_identify(.) by extension 'ros'
[2.969s] Level 1:colcon.colcon_core.package_identification:_identify(.) by extensions ['cmake', 'python']
[2.969s] Level 1:colcon.colcon_core.package_identification:_identify(.) by extension 'cmake'
[2.969s] Level 1:colcon.colcon_core.package_identification:_identify(.) by extension 'python'
[2.969s] Level 1:colcon.colcon_core.package_identification:_identify(.) by extensions ['python_setup_py']
[2.969s] Level 1:colcon.colcon_core.package_identification:_identify(.) by extension 'python_setup_py'
[2.969s] Level 1:colcon.colcon_core.package_identification:_identify(build) by extensions ['ignore', 'ignore_ament_install']
[2.970s] Level 1:colcon.colcon_core.package_identification:_identify(build) by extension 'ignore'
[2.970s] Level 1:colcon.colcon_core.package_identification:_identify(build) ignored
[2.970s] Level 1:colcon.colcon_core.package_identification:_identify(install) by extensions ['ignore', 'ignore_ament_install']
[2.971s] Level 1:colcon.colcon_core.package_identification:_identify(install) by extension 'ignore'
[2.971s] Level 1:colcon.colcon_core.package_identification:_identify(install) ignored
[2.971s] Level 1:colcon.colcon_core.package_identification:_identify(log) by extensions ['ignore', 'ignore_ament_install']
[2.971s] Level 1:colcon.colcon_core.package_identification:_identify(log) by extension 'ignore'
[2.971s] Level 1:colcon.colcon_core.package_identification:_identify(log) ignored
[2.972s] Level 1:colcon.colcon_core.package_identification:_identify(src) by extensions ['ignore', 'ignore_ament_install']
[2.972s] Level 1:colcon.colcon_core.package_identification:_identify(src) by extension 'ignore'
[2.972s] Level 1:colcon.colcon_core.package_identification:_identify(src) by extension 'ignore_ament_install'
[2.972s] Level 1:colcon.colcon_core.package_identification:_identify(src) by extensions ['colcon_pkg']
[2.972s] Level 1:colcon.colcon_core.package_identification:_identify(src) by extension 'colcon_pkg'
[2.972s] Level 1:colcon.colcon_core.package_identification:_identify(src) by extensions ['colcon_meta']
[2.972s] Level 1:colcon.colcon_core.package_identification:_identify(src) by extension 'colcon_meta'
[2.972s] Level 1:colcon.colcon_core.package_identification:_identify(src) by extensions ['ros']
[2.972s] Level 1:colcon.colcon_core.package_identification:_identify(src) by extension 'ros'
[2.972s] Level 1:colcon.colcon_core.package_identification:_identify(src) by extensions ['cmake', 'python']
[2.972s] Level 1:colcon.colcon_core.package_identification:_identify(src) by extension 'cmake'
[2.972s] Level 1:colcon.colcon_core.package_identification:_identify(src) by extension 'python'
[2.972s] Level 1:colcon.colcon_core.package_identification:_identify(src) by extensions ['python_setup_py']
[2.972s] Level 1:colcon.colcon_core.package_identification:_identify(src) by extension 'python_setup_py'
[2.972s] Level 1:colcon.colcon_core.package_identification:_identify(src/turtlesim_follower) by extensions ['ignore', 'ignore_ament_install']
[2.972s] Level 1:colcon.colcon_core.package_identification:_identify(src/turtlesim_follower) by extension 'ignore'
[2.972s] Level 1:colcon.colcon_core.package_identification:_identify(src/turtlesim_follower) by extension 'ignore_ament_install'
[2.972s] Level 1:colcon.colcon_core.package_identification:_identify(src/turtlesim_follower) by extensions ['colcon_pkg']
[2.972s] Level 1:colcon.colcon_core.package_identification:_identify(src/turtlesim_follower) by extension 'colcon_pkg'
[2.972s] Level 1:colcon.colcon_core.package_identification:_identify(src/turtlesim_follower) by extensions ['colcon_meta']
[2.972s] Level 1:colcon.colcon_core.package_identification:_identify(src/turtlesim_follower) by extension 'colcon_meta'
[2.972s] Level 1:colcon.colcon_core.package_identification:_identify(src/turtlesim_follower) by extensions ['ros']
[2.973s] Level 1:colcon.colcon_core.package_identification:_identify(src/turtlesim_follower) by extension 'ros'
[2.976s] DEBUG:colcon.colcon_core.package_identification:Failed to parse potential ROS package manifest in'src/turtlesim_follower': Error(s) in package 'src/turtlesim_follower/package.xml':
The manifest contains invalid XML:
junk after document element: line 20, column 0
[2.977s] Level 1:colcon.colcon_core.package_identification:_identify(src/turtlesim_follower) by extensions ['cmake', 'python']
[2.978s] Level 1:colcon.colcon_core.package_identification:_identify(src/turtlesim_follower) by extension 'cmake'
[2.978s] Level 1:colcon.colcon_core.package_identification:_identify(src/turtlesim_follower) by extension 'python'
[2.979s] DEBUG:colcon.colcon_core.package_identification:Python package in 'src/turtlesim_follower' passes arguments to the setup() function which requires a different identification extension than 'python'
[2.979s] Level 1:colcon.colcon_core.package_identification:_identify(src/turtlesim_follower) by extensions ['python_setup_py']
[2.979s] Level 1:colcon.colcon_core.package_identification:_identify(src/turtlesim_follower) by extension 'python_setup_py'
[3.354s] DEBUG:colcon.colcon_core.package_identification:Package 'src/turtlesim_follower' with type 'python' and name 'turtlesim_follower'
[3.355s] Level 1:colcon.colcon_core.package_discovery:discover_packages(recursive) using defaults
[3.355s] Level 1:colcon.colcon_core.package_discovery:discover_packages(ignore) discover
[3.355s] Level 1:colcon.colcon_core.package_discovery:discover_packages(ignore) using defaults
[3.355s] Level 1:colcon.colcon_core.package_discovery:discover_packages(path) discover
[3.355s] Level 1:colcon.colcon_core.package_discovery:discover_packages(path) using defaults
[3.533s] Level 1:colcon.colcon_core.package_discovery:discover_packages(prefix_path) check parameters
[3.533s] Level 1:colcon.colcon_core.package_discovery:discover_packages(prefix_path) discover
[3.572s] WARNING:colcon.colcon_ros.prefix_path.ament:The path '/home/insa/mcar/ros2_ws/Turtle_Youri/install/turtlesim_follower' in the environment variable AMENT_PREFIX_PATH doesn't exist
[3.616s] DEBUG:colcon.colcon_installed_package_information.package_discovery:Found 0 installed packages in /home/insa/mcar/ros2_ws/Turtle_Youri/install
[3.650s] DEBUG:colcon.colcon_installed_package_information.package_discovery:Found 400 installed packages in /opt/ros/humble
[3.653s] Level 1:colcon.colcon_core.package_discovery:discover_packages(prefix_path) using defaults
[3.925s] Level 5:colcon.colcon_core.verb:set package 'turtlesim_follower' build argument 'cmake_args' from command line to 'None'
[3.925s] Level 5:colcon.colcon_core.verb:set package 'turtlesim_follower' build argument 'cmake_target' from command line to 'None'
[3.925s] Level 5:colcon.colcon_core.verb:set package 'turtlesim_follower' build argument 'cmake_target_skip_unavailable' from command line to 'False'
[3.926s] Level 5:colcon.colcon_core.verb:set package 'turtlesim_follower' build argument 'cmake_clean_cache' from command line to 'False'
[3.926s] Level 5:colcon.colcon_core.verb:set package 'turtlesim_follower' build argument 'cmake_clean_first' from command line to 'False'
[3.926s] Level 5:colcon.colcon_core.verb:set package 'turtlesim_follower' build argument 'cmake_force_configure' from command line to 'False'
[3.926s] Level 5:colcon.colcon_core.verb:set package 'turtlesim_follower' build argument 'ament_cmake_args' from command line to 'None'
[3.926s] Level 5:colcon.colcon_core.verb:set package 'turtlesim_follower' build argument 'catkin_cmake_args' from command line to 'None'
[3.926s] Level 5:colcon.colcon_core.verb:set package 'turtlesim_follower' build argument 'catkin_skip_building_tests' from command line to 'False'
[3.926s] DEBUG:colcon.colcon_core.verb:Building package 'turtlesim_follower' with the following arguments: {'ament_cmake_args': None, 'build_base': '/home/insa/mcar/ros2_ws/Turtle_Youri/build/turtlesim_follower', 'catkin_cmake_args': None, 'catkin_skip_building_tests': False, 'cmake_args': None, 'cmake_clean_cache': False, 'cmake_clean_first': False, 'cmake_force_configure': False, 'cmake_target': None, 'cmake_target_skip_unavailable': False, 'install_base': '/home/insa/mcar/ros2_ws/Turtle_Youri/install/turtlesim_follower', 'merge_install': False, 'path': '/home/insa/mcar/ros2_ws/Turtle_Youri/src/turtlesim_follower', 'symlink_install': False, 'test_result_base': None}
[3.957s] INFO:colcon.colcon_core.executor:Executing jobs using 'parallel' executor
[3.993s] DEBUG:colcon.colcon_parallel_executor.executor.parallel:run_until_complete
[3.995s] INFO:colcon.colcon_core.task.python.build:Building Python package in '/home/insa/mcar/ros2_ws/Turtle_Youri/src/turtlesim_follower'
[4.032s] INFO:colcon.colcon_core.plugin_system:Skipping extension 'colcon_core.shell.bat': Not used on non-Windows systems
[4.034s] INFO:colcon.colcon_core.shell:Skip shell extension 'powershell' for command environment: Not usable outside of PowerShell
[4.034s] DEBUG:colcon.colcon_core.shell:Skip shell extension 'dsv' for command environment
[5.639s] DEBUG:colcon.colcon_core.event_handler.log_command:Invoking command in '/home/insa/mcar/ros2_ws/Turtle_Youri/src/turtlesim_follower': PYTHONPATH=/home/insa/mcar/ros2_ws/Turtle_Youri/build/turtlesim_follower/prefix_override:/home/insa/mcar/ros2_ws/Turtle_Youri/install/turtlesim_follower/lib/python3.10/site-packages:${PYTHONPATH} /usr/bin/python3 setup.py egg_info --egg-base ../../build/turtlesim_follower build --build-base /home/insa/mcar/ros2_ws/Turtle_Youri/build/turtlesim_follower/build install --record /home/insa/mcar/ros2_ws/Turtle_Youri/build/turtlesim_follower/install.log --single-version-externally-managed
[6.098s] DEBUG:colcon.colcon_core.event_handler.log_command:Invoked command in '/home/insa/mcar/ros2_ws/Turtle_Youri/src/turtlesim_follower' returned '0': PYTHONPATH=/home/insa/mcar/ros2_ws/Turtle_Youri/build/turtlesim_follower/prefix_override:/home/insa/mcar/ros2_ws/Turtle_Youri/install/turtlesim_follower/lib/python3.10/site-packages:${PYTHONPATH} /usr/bin/python3 setup.py egg_info --egg-base ../../build/turtlesim_follower build --build-base /home/insa/mcar/ros2_ws/Turtle_Youri/build/turtlesim_follower/build install --record /home/insa/mcar/ros2_ws/Turtle_Youri/build/turtlesim_follower/install.log --single-version-externally-managed
[6.134s] Level 1:colcon.colcon_core.environment:checking '/home/insa/mcar/ros2_ws/Turtle_Youri/install/turtlesim_follower' for CMake module files
[6.135s] Level 1:colcon.colcon_core.environment:checking '/home/insa/mcar/ros2_ws/Turtle_Youri/install/turtlesim_follower' for CMake config files
[6.137s] Level 1:colcon.colcon_core.environment:checking '/home/insa/mcar/ros2_ws/Turtle_Youri/install/turtlesim_follower/lib'
[6.137s] Level 1:colcon.colcon_core.environment:checking '/home/insa/mcar/ros2_ws/Turtle_Youri/install/turtlesim_follower/bin'
[6.137s] Level 1:colcon.colcon_core.environment:checking '/home/insa/mcar/ros2_ws/Turtle_Youri/install/turtlesim_follower/lib/pkgconfig/turtlesim_follower.pc'
[6.137s] Level 1:colcon.colcon_core.environment:checking '/home/insa/mcar/ros2_ws/Turtle_Youri/install/turtlesim_follower/lib/python3.10/site-packages'
[6.137s] Level 1:colcon.colcon_core.shell:create_environment_hook('turtlesim_follower', 'pythonpath')
[6.162s] INFO:colcon.colcon_core.shell:Creating environment hook '/home/insa/mcar/ros2_ws/Turtle_Youri/install/turtlesim_follower/share/turtlesim_follower/hook/pythonpath.ps1'
[6.163s] INFO:colcon.colcon_core.shell:Creating environment descriptor '/home/insa/mcar/ros2_ws/Turtle_Youri/install/turtlesim_follower/share/turtlesim_follower/hook/pythonpath.dsv'
[6.164s] INFO:colcon.colcon_core.shell:Creating environment hook '/home/insa/mcar/ros2_ws/Turtle_Youri/install/turtlesim_follower/share/turtlesim_follower/hook/pythonpath.sh'
[6.165s] Level 1:colcon.colcon_core.environment:checking '/home/insa/mcar/ros2_ws/Turtle_Youri/install/turtlesim_follower/bin'
[6.165s] Level 1:colcon.colcon_core.environment:create_environment_scripts_only(turtlesim_follower)
[6.192s] INFO:colcon.colcon_core.shell:Creating package script '/home/insa/mcar/ros2_ws/Turtle_Youri/install/turtlesim_follower/share/turtlesim_follower/package.ps1'
[6.194s] INFO:colcon.colcon_core.shell:Creating package descriptor '/home/insa/mcar/ros2_ws/Turtle_Youri/install/turtlesim_follower/share/turtlesim_follower/package.dsv'
[6.194s] INFO:colcon.colcon_core.shell:Creating package script '/home/insa/mcar/ros2_ws/Turtle_Youri/install/turtlesim_follower/share/turtlesim_follower/package.sh'
[6.195s] INFO:colcon.colcon_core.shell:Creating package script '/home/insa/mcar/ros2_ws/Turtle_Youri/install/turtlesim_follower/share/turtlesim_follower/package.bash'
[6.196s] INFO:colcon.colcon_core.shell:Creating package script '/home/insa/mcar/ros2_ws/Turtle_Youri/install/turtlesim_follower/share/turtlesim_follower/package.zsh'
[6.197s] Level 1:colcon.colcon_core.environment:create_file_with_runtime_dependencies(/home/insa/mcar/ros2_ws/Turtle_Youri/install/turtlesim_follower/share/colcon-core/packages/turtlesim_follower)
[6.199s] DEBUG:colcon.colcon_parallel_executor.executor.parallel:closing loop
[6.199s] DEBUG:colcon.colcon_parallel_executor.executor.parallel:loop closed
[6.199s] DEBUG:colcon.colcon_parallel_executor.executor.parallel:run_until_complete finished with '0'
[6.199s] DEBUG:colcon.colcon_core.event_reactor:joining thread
[6.199s] DEBUG:colcon.colcon_core.event_reactor:joined thread
[6.244s] INFO:colcon.colcon_core.shell:Creating prefix script '/home/insa/mcar/ros2_ws/Turtle_Youri/install/local_setup.ps1'
[6.247s] INFO:colcon.colcon_core.shell:Creating prefix util module '/home/insa/mcar/ros2_ws/Turtle_Youri/install/_local_setup_util_ps1.py'
[6.251s] INFO:colcon.colcon_core.shell:Creating prefix chain script '/home/insa/mcar/ros2_ws/Turtle_Youri/install/setup.ps1'
[6.279s] INFO:colcon.colcon_core.shell:Creating prefix script '/home/insa/mcar/ros2_ws/Turtle_Youri/install/local_setup.sh'
[6.282s] INFO:colcon.colcon_core.shell:Creating prefix util module '/home/insa/mcar/ros2_ws/Turtle_Youri/install/_local_setup_util_sh.py'
[6.282s] INFO:colcon.colcon_core.shell:Creating prefix chain script '/home/insa/mcar/ros2_ws/Turtle_Youri/install/setup.sh'
[6.315s] INFO:colcon.colcon_core.shell:Creating prefix script '/home/insa/mcar/ros2_ws/Turtle_Youri/install/local_setup.bash'
[6.317s] INFO:colcon.colcon_core.shell:Creating prefix chain script '/home/insa/mcar/ros2_ws/Turtle_Youri/install/setup.bash'
[6.346s] INFO:colcon.colcon_core.shell:Creating prefix script '/home/insa/mcar/ros2_ws/Turtle_Youri/install/local_setup.zsh'
[6.348s] INFO:colcon.colcon_core.shell:Creating prefix chain script '/home/insa/mcar/ros2_ws/Turtle_Youri/install/setup.zsh'
